<?xml version="1.0" encoding="UTF-8"?>
<testng-results ignored="0" total="1" passed="1" failed="0" skipped="0">
  <reporter-output>
  </reporter-output>
  <suite started-at="2023-01-01T11:38:57 IST" name="Default suite" finished-at="2023-01-01T11:39:16 IST" duration-ms="19668">
    <groups>
    </groups>
    <test started-at="2023-01-01T11:38:57 IST" name="Default test" finished-at="2023-01-01T11:39:16 IST" duration-ms="19668">
      <class name="guviAtProject.DeleteFunc">
        <test-method is-config="true" signature="beforeMethod()[pri:0, instance:guviAtProject.DeleteFunc@6a84a97d]" started-at="2023-01-01T11:38:57 IST" name="beforeMethod" finished-at="2023-01-01T11:39:06 IST" duration-ms="8960" status="PASS">
          <reporter-output>
          </reporter-output>
        </test-method> <!-- beforeMethod -->
        <test-method signature="f(java.lang.String,java.lang.String)[pri:0, instance:guviAtProject.DeleteFunc@6a84a97d]" started-at="2023-01-01T11:39:06 IST" name="f" data-provider="dp" finished-at="2023-01-01T11:39:16 IST" duration-ms="10670" status="PASS">
          <params>
            <param index="0">
              <value>
                <![CDATA[Admin]]>
              </value>
            </param>
            <param index="1">
              <value>
                <![CDATA[admin123]]>
              </value>
            </param>
          </params>
          <reporter-output>
          </reporter-output>
        </test-method> <!-- f -->
        <test-method is-config="true" signature="afterMethod()[pri:0, instance:guviAtProject.DeleteFunc@6a84a97d]" started-at="2023-01-01T11:39:16 IST" name="afterMethod" finished-at="2023-01-01T11:39:16 IST" duration-ms="0" status="PASS">
          <reporter-output>
          </reporter-output>
        </test-method> <!-- afterMethod -->
      </class> <!-- guviAtProject.DeleteFunc -->
    </test> <!-- Default test -->
  </suite> <!-- Default suite -->
</testng-results>
